# JRE version: Java(TM) SE Runtime Environment (8.0_91-b14) (build 1.8.0_91-b14)
# Java VM: Java HotSpot(TM) 64-Bit Server VM (25.91-b14 mixed mode linux-amd64 compressed oops)
Heap:
 PSYoungGen      total 134656K, used 11744K [0x00000000ec580000, 0x00000000f5480000, 0x0000000100000000)
  eden space 122880K, 0% used [0x00000000ec580000,0x00000000ec580000,0x00000000f3d80000)
  from space 11776K, 99% used [0x00000000f3d80000,0x00000000f48f8020,0x00000000f4900000)
  to   space 11264K, 0% used [0x00000000f4980000,0x00000000f4980000,0x00000000f5480000)
 ParOldGen       total 40960K, used 21035K [0x00000000c5000000, 0x00000000c7800000, 0x00000000ec580000)
  object space 40960K, 51% used [0x00000000c5000000,0x00000000c648ada8,0x00000000c7800000)
 Metaspace       used 17823K, capacity 18232K, committed 18432K, reserved 1064960K
  class space    used 2099K, capacity 2238K, committed 2304K, reserved 1048576K
GC Heap History (10 events):
Event: 0.807 GC heap after
Heap after GC invocations=2 (full 0):
 PSYoungGen      total 33280K, used 2557K [0x00000000ec580000, 0x00000000ee880000, 0x0000000100000000)
  eden space 30720K, 0% used [0x00000000ec580000,0x00000000ec580000,0x00000000ee380000)
  from space 2560K, 99% used [0x00000000ee600000,0x00000000ee87f5e0,0x00000000ee880000)
  to   space 2560K, 0% used [0x00000000ee380000,0x00000000ee380000,0x00000000ee600000)
 ParOldGen       total 40960K, used 910K [0x00000000c5000000, 0x00000000c7800000, 0x00000000ec580000)
  object space 40960K, 2% used [0x00000000c5000000,0x00000000c50e3b38,0x00000000c7800000)
 Metaspace       used 7881K, capacity 8028K, committed 8320K, reserved 1056768K
  class space    used 994K, capacity 1080K, committed 1152K, reserved 1048576K
}
Event: 1.321 GC heap before
{Heap before GC invocations=3 (full 0):
 PSYoungGen      total 33280K, used 33277K [0x00000000ec580000, 0x00000000ee880000, 0x0000000100000000)
  eden space 30720K, 100% used [0x00000000ec580000,0x00000000ee380000,0x00000000ee380000)
  from space 2560K, 99% used [0x00000000ee600000,0x00000000ee87f5e0,0x00000000ee880000)
  to   space 2560K, 0% used [0x00000000ee380000,0x00000000ee380000,0x00000000ee600000)
 ParOldGen       total 40960K, used 910K [0x00000000c5000000, 0x00000000c7800000, 0x00000000ec580000)
  object space 40960K, 2% used [0x00000000c5000000,0x00000000c50e3b38,0x00000000c7800000)
 Metaspace       used 11908K, capacity 12046K, committed 12160K, reserved 1060864K
  class space    used 1529K, capacity 1605K, committed 1664K, reserved 1048576K
Event: 1.330 GC heap after
Heap after GC invocations=3 (full 0):
 PSYoungGen      total 33280K, used 2528K [0x00000000ec580000, 0x00000000f0680000, 0x0000000100000000)
  eden space 30720K, 0% used [0x00000000ec580000,0x00000000ec580000,0x00000000ee380000)
  from space 2560K, 98% used [0x00000000ee380000,0x00000000ee5f8040,0x00000000ee600000)
  to   space 2560K, 0% used [0x00000000f0400000,0x00000000f0400000,0x00000000f0680000)
 ParOldGen       total 40960K, used 5679K [0x00000000c5000000, 0x00000000c7800000, 0x00000000ec580000)
  object space 40960K, 13% used [0x00000000c5000000,0x00000000c558bd78,0x00000000c7800000)
 Metaspace       used 11908K, capacity 12046K, committed 12160K, reserved 1060864K
  class space    used 1529K, capacity 1605K, committed 1664K, reserved 1048576K
}
Event: 2.079 GC heap before
{Heap before GC invocations=4 (full 0):
 PSYoungGen      total 33280K, used 33248K [0x00000000ec580000, 0x00000000f0680000, 0x0000000100000000)
  eden space 30720K, 100% used [0x00000000ec580000,0x00000000ee380000,0x00000000ee380000)
  from space 2560K, 98% used [0x00000000ee380000,0x00000000ee5f8040,0x00000000ee600000)
  to   space 2560K, 0% used [0x00000000f0400000,0x00000000f0400000,0x00000000f0680000)
 ParOldGen       total 40960K, used 5679K [0x00000000c5000000, 0x00000000c7800000, 0x00000000ec580000)
  object space 40960K, 13% used [0x00000000c5000000,0x00000000c558bd78,0x00000000c7800000)
 Metaspace       used 14678K, capacity 14914K, committed 15232K, reserved 1062912K
  class space    used 1810K, capacity 1907K, committed 1920K, reserved 1048576K
Event: 2.090 GC heap after
Heap after GC invocations=4 (full 0):
 PSYoungGen      total 64000K, used 2544K [0x00000000ec580000, 0x00000000f0680000, 0x0000000100000000)
  eden space 61440K, 0% used [0x00000000ec580000,0x00000000ec580000,0x00000000f0180000)
  from space 2560K, 99% used [0x00000000f0400000,0x00000000f067c030,0x00000000f0680000)
  to   space 2560K, 0% used [0x00000000f0180000,0x00000000f0180000,0x00000000f0400000)
 ParOldGen       total 40960K, used 8944K [0x00000000c5000000, 0x00000000c7800000, 0x00000000ec580000)
  object space 40960K, 21% used [0x00000000c5000000,0x00000000c58bc088,0x00000000c7800000)
 Metaspace       used 14678K, capacity 14914K, committed 15232K, reserved 1062912K
  class space    used 1810K, capacity 1907K, committed 1920K, reserved 1048576K
}
Event: 2.902 GC heap before
{Heap before GC invocations=5 (full 0):
 PSYoungGen      total 64000K, used 63984K [0x00000000ec580000, 0x00000000f0680000, 0x0000000100000000)
  eden space 61440K, 100% used [0x00000000ec580000,0x00000000f0180000,0x00000000f0180000)
  from space 2560K, 99% used [0x00000000f0400000,0x00000000f067c030,0x00000000f0680000)
  to   space 2560K, 0% used [0x00000000f0180000,0x00000000f0180000,0x00000000f0400000)
 ParOldGen       total 40960K, used 8944K [0x00000000c5000000, 0x00000000c7800000, 0x00000000ec580000)
  object space 40960K, 21% used [0x00000000c5000000,0x00000000c58bc088,0x00000000c7800000)
 Metaspace       used 16223K, capacity 16530K, committed 16768K, reserved 1064960K
  class space    used 1998K, capacity 2121K, committed 2176K, reserved 1048576K
Event: 2.931 GC heap after
Heap after GC invocations=5 (full 0):
 PSYoungGen      total 64000K, used 2544K [0x00000000ec580000, 0x00000000f5580000, 0x0000000100000000)
  eden space 61440K, 0% used [0x00000000ec580000,0x00000000ec580000,0x00000000f0180000)
  from space 2560K, 99% used [0x00000000f0180000,0x00000000f03fc010,0x00000000f0400000)
  to   space 12288K, 0% used [0x00000000f4980000,0x00000000f4980000,0x00000000f5580000)
 ParOldGen       total 40960K, used 18369K [0x00000000c5000000, 0x00000000c7800000, 0x00000000ec580000)
  object space 40960K, 44% used [0x00000000c5000000,0x00000000c61f06f8,0x00000000c7800000)
 Metaspace       used 16223K, capacity 16530K, committed 16768K, reserved 1064960K
  class space    used 1998K, capacity 2121K, committed 2176K, reserved 1048576K
}
Event: 3.608 GC heap before
{Heap before GC invocations=6 (full 0):
 PSYoungGen      total 64000K, used 63984K [0x00000000ec580000, 0x00000000f5580000, 0x0000000100000000)
  eden space 61440K, 100% used [0x00000000ec580000,0x00000000f0180000,0x00000000f0180000)
  from space 2560K, 99% used [0x00000000f0180000,0x00000000f03fc010,0x00000000f0400000)
  to   space 12288K, 0% used [0x00000000f4980000,0x00000000f4980000,0x00000000f5580000)
 ParOldGen       total 40960K, used 18369K [0x00000000c5000000, 0x00000000c7800000, 0x00000000ec580000)
  object space 40960K, 44% used [0x00000000c5000000,0x00000000c61f06f8,0x00000000c7800000)
 Metaspace       used 16435K, capacity 16740K, committed 17024K, reserved 1064960K
  class space    used 2002K, capacity 2124K, committed 2176K, reserved 1048576K
Event: 3.621 GC heap after
Heap after GC invocations=6 (full 0):
 PSYoungGen      total 134144K, used 6656K [0x00000000ec580000, 0x00000000f5480000, 0x0000000100000000)
  eden space 122880K, 0% used [0x00000000ec580000,0x00000000ec580000,0x00000000f3d80000)
  from space 11264K, 59% used [0x00000000f4980000,0x00000000f5000000,0x00000000f5480000)
  to   space 11776K, 0% used [0x00000000f3d80000,0x00000000f3d80000,0x00000000f4900000)
 ParOldGen       total 40960K, used 18369K [0x00000000c5000000, 0x00000000c7800000, 0x00000000ec580000)
  object space 40960K, 44% used [0x00000000c5000000,0x00000000c61f06f8,0x00000000c7800000)
 Metaspace       used 16435K, capacity 16740K, committed 17024K, reserved 1064960K
  class space    used 2002K, capacity 2124K, committed 2176K, reserved 1048576K
}
Event: 5.346 GC heap before
{Heap before GC invocations=7 (full 0):
 PSYoungGen      total 134144K, used 129536K [0x00000000ec580000, 0x00000000f5480000, 0x0000000100000000)
  eden space 122880K, 100% used [0x00000000ec580000,0x00000000f3d80000,0x00000000f3d80000)
  from space 11264K, 59% used [0x00000000f4980000,0x00000000f5000000,0x00000000f5480000)
  to   space 11776K, 0% used [0x00000000f3d80000,0x00000000f3d80000,0x00000000f4900000)
 ParOldGen       total 40960K, used 18369K [0x00000000c5000000, 0x00000000c7800000, 0x00000000ec580000)
  object space 40960K, 44% used [0x00000000c5000000,0x00000000c61f06f8,0x00000000c7800000)
 Metaspace       used 17823K, capacity 18232K, committed 18432K, reserved 1064960K
  class space    used 2099K, capacity 2238K, committed 2304K, reserved 1048576K

